new user was created id: 2nqi4o1llablv9hu
New Room ID: h6uK8rAD47 was created, and User ID: 2nqi4o1llablv9hu was add there
new user was created id: 8ftv3tcfkzostynz
NOT NULL: h6uK8rAD47
2nqi4o1llablv9hu was spliced from Room, and deleted
new user was created id: qo3jpwg416y3ra4w
New Room ID: 8AkYNYqzPs was created, and User ID: qo3jpwg416y3ra4w was add there
New Room ID: NBrBiPvR4Y was created, and User ID: qo3jpwg416y3ra4w was add there
NOT NULL: h6uK8rAD47
qo3jpwg416y3ra4w was spliced from Room, and deleted
NOT NULL: h6uK8rAD47
8ftv3tcfkzostynz was spliced from Room, and deleted
new user was created id: kcdawmlt5ukn0hv3
New Room ID: Nvcbjcg36X was created, and User ID: kcdawmlt5ukn0hv3 was add there
NOT NULL: Nvcbjcg36X
kcdawmlt5ukn0hv3 was spliced from Room, and deleted
new user was created id: xcr69vdtufiai3zj
New Room ID: 4k2haakMj1 was created, and User ID: xcr69vdtufiai3zj was add there
NOT NULL: 4k2haakMj1
xcr69vdtufiai3zj was spliced from Room, and deleted
new user was created id: h0ew71dd4oiun4lh
h0ew71dd4oiun4lh was spliced from AllUsers.
new user was created id: elttsan3bq4ah397
New Room ID: bEEG3kgilm was created, and User ID: elttsan3bq4ah397 was add there
NOT NULL: bEEG3kgilm
elttsan3bq4ah397 was spliced from Room, and deleted
new user was created id: vy35laqvfei033un
New Room ID: O8wmAIC4T1 was created, and User ID: vy35laqvfei033un was add there
New Room ID: tHU2ch9dgU was created, and User ID: vy35laqvfei033un was add there
New Room ID: PHSzvuex9B was created, and User ID: vy35laqvfei033un was add there
New Room ID: b9h4rq9T5z was created, and User ID: vy35laqvfei033un was add there
New Room ID: tMxVgMbrk5 was created, and User ID: vy35laqvfei033un was add there
New Room ID: Y00ZnmRet6 was created, and User ID: vy35laqvfei033un was add there
NOT NULL: Y00ZnmRet6
vy35laqvfei033un was spliced from Room, and deleted
new user was created id: zjulqke5zoqq6s7l
zjulqke5zoqq6s7l was spliced from AllUsers.
new user was created id: xinyfzfrwn2jgph6
New Room ID: PUx4JbDjkp was created, and User ID: xinyfzfrwn2jgph6 was add there
NOT NULL: PUx4JbDjkp
xinyfzfrwn2jgph6 was spliced from Room, and deleted
new user was created id: mltg3dfycs0g3lrv
mltg3dfycs0g3lrv was spliced from AllUsers.
new user was created id: kt85hj0win6w137x
New Room ID: YcmR2deDVA was created, and User ID: kt85hj0win6w137x was add there
NOT NULL: YcmR2deDVA
kt85hj0win6w137x was spliced from Room, and deleted
new user was created id: r0aoeh3mb0rb7if2
New Room ID: MtplJQrtdp was created, and User ID: r0aoeh3mb0rb7if2 was add there
NOT NULL: MtplJQrtdp
r0aoeh3mb0rb7if2 was spliced from Room, and deleted
new user was created id: jecjosrgf0zs3b8f
jecjosrgf0zs3b8f was spliced from AllUsers.
new user was created id: 8ohsawjpgauecxyg
New Room ID: bxfuIjlssy was created, and User ID: 8ohsawjpgauecxyg was add there
NOT NULL: bxfuIjlssy
8ohsawjpgauecxyg was spliced from Room, and deleted
new user was created id: 6du9lfohb2k1fhfp
6du9lfohb2k1fhfp was spliced from AllUsers.
new user was created id: j6qhwzghe7q9m3ss
New Room ID: D1avbluDfz was created, and User ID: j6qhwzghe7q9m3ss was add there
NOT NULL: D1avbluDfz
j6qhwzghe7q9m3ss was spliced from Room, and deleted
new user was created id: b7c115kwe7yjqkk0
New Room ID: n2HpwutpVV was created, and User ID: b7c115kwe7yjqkk0 was add there
NOT NULL: n2HpwutpVV
b7c115kwe7yjqkk0 was spliced from Room, and deleted
new user was created id: 8bp8mkb0xdsmgqff
8bp8mkb0xdsmgqff was spliced from AllUsers.
new user was created id: 4d1oekpafq1tq4pg
New Room ID: EjMD1WUjEz was created, and User ID: 4d1oekpafq1tq4pg was add there
NOT NULL: EjMD1WUjEz
4d1oekpafq1tq4pg was spliced from Room, and deleted
new user was created id: ymh2jj4jim02225n
ymh2jj4jim02225n was spliced from AllUsers.
new user was created id: 3w213ln9x630l9l6
New Room ID: vO6aXUCL4B was created, and User ID: 3w213ln9x630l9l6 was add there
NOT NULL: vO6aXUCL4B
3w213ln9x630l9l6 was spliced from Room, and deleted
new user was created id: vyqiiucw5xpyhxpx
vyqiiucw5xpyhxpx was spliced from AllUsers.
new user was created id: fe0jk53yf8fnkj06
fe0jk53yf8fnkj06 was spliced from AllUsers.
new user was created id: 52eoay0ygv80zf6r
52eoay0ygv80zf6r was spliced from AllUsers.
new user was created id: a31wuh8w9cbuyht3
a31wuh8w9cbuyht3 was spliced from AllUsers.
new user was created id: ou9nw0esqqow0gn1
New Room ID: Rc1suROAnZ was created, and User ID: ou9nw0esqqow0gn1 was add there
NOT NULL: Rc1suROAnZ
ou9nw0esqqow0gn1 was spliced from Room, and deleted
new user was created id: 1taz534bowph4fsd
1taz534bowph4fsd was spliced from AllUsers.
new user was created id: 1hfmz8nnlae905cu
1hfmz8nnlae905cu was spliced from AllUsers.
new user was created id: 9qj8flbm72ug5s0v
9qj8flbm72ug5s0v was spliced from AllUsers.
new user was created id: lm56ra72faveqcjk
New Room ID: ICuPwIZQLG was created, and User ID: lm56ra72faveqcjk was add there
new user was created id: 91rv1vwgsnr7sv7e
NOT NULL: ICuPwIZQLG
91rv1vwgsnr7sv7e was spliced from Room, and deleted
NOT NULL: ICuPwIZQLG
lm56ra72faveqcjk was spliced from Room, and deleted
new user was created id: atdwudh2sduybogp
atdwudh2sduybogp was spliced from AllUsers.
new user was created id: 43c2ml78vhwep0vu
43c2ml78vhwep0vu was spliced from AllUsers.
new user was created id: txfn4bi2jdpxy8wk
txfn4bi2jdpxy8wk was spliced from AllUsers.
new user was created id: 3fi77c23zhai4n87
3fi77c23zhai4n87 was spliced from AllUsers.
new user was created id: f8cqzbz1u5ea28ek
f8cqzbz1u5ea28ek was spliced from AllUsers.
new user was created id: xsvg89zc9odkg0ts
xsvg89zc9odkg0ts was spliced from AllUsers.
